# JRE version: OpenJDK Runtime Environment (11.0.8+10) (build 11.0.8+10-b944.6842174)
# Java VM: OpenJDK 64-Bit Server VM (11.0.8+10-b944.6842174, mixed mode, tiered, compressed oops, g1 gc, windows-amd64)
Heap:
 garbage-first heap   total 811008K, used 138478K [0x0000000080000000, 0x0000000100000000)
  region size 1024K, 8 young (8192K), 8 survivors (8192K)
 Metaspace       used 141442K, capacity 146092K, committed 146304K, reserved 1177600K
  class space    used 17408K, capacity 18966K, committed 19072K, reserved 1048576K
GC Heap History (20 events):
Event: 4358.875 GC heap after
{Heap after GC invocations=211 (full 0):
 garbage-first heap   total 225280K, used 134818K [0x0000000080000000, 0x0000000100000000)
  region size 1024K, 6 young (6144K), 6 survivors (6144K)
 Metaspace       used 141429K, capacity 146092K, committed 146304K, reserved 1177600K
  class space    used 17408K, capacity 18966K, committed 19072K, reserved 1048576K
}
Event: 4358.884 GC heap before
{Heap before GC invocations=211 (full 0):
 garbage-first heap   total 225280K, used 139938K [0x0000000080000000, 0x0000000100000000)
  region size 1024K, 11 young (11264K), 6 survivors (6144K)
 Metaspace       used 141431K, capacity 146092K, committed 146304K, reserved 1177600K
  class space    used 17408K, capacity 18966K, committed 19072K, reserved 1048576K
}
Event: 4358.886 GC heap after
{Heap after GC invocations=212 (full 0):
 garbage-first heap   total 225280K, used 130307K [0x0000000080000000, 0x0000000100000000)
  region size 1024K, 1 young (1024K), 1 survivors (1024K)
 Metaspace       used 141431K, capacity 146092K, committed 146304K, reserved 1177600K
  class space    used 17408K, capacity 18966K, committed 19072K, reserved 1048576K
}
Event: 4358.980 GC heap before
{Heap before GC invocations=212 (full 0):
 garbage-first heap   total 225280K, used 190723K [0x0000000080000000, 0x0000000100000000)
  region size 1024K, 60 young (61440K), 1 survivors (1024K)
 Metaspace       used 141437K, capacity 146092K, committed 146304K, reserved 1177600K
  class space    used 17408K, capacity 18966K, committed 19072K, reserved 1048576K
}
Event: 4358.983 GC heap after
{Heap after GC invocations=213 (full 0):
 garbage-first heap   total 225280K, used 134288K [0x0000000080000000, 0x0000000100000000)
  region size 1024K, 5 young (5120K), 5 survivors (5120K)
 Metaspace       used 141437K, capacity 146092K, committed 146304K, reserved 1177600K
  class space    used 17408K, capacity 18966K, committed 19072K, reserved 1048576K
}
Event: 4359.117 GC heap before
{Heap before GC invocations=214 (full 0):
 garbage-first heap   total 225280K, used 189584K [0x0000000080000000, 0x0000000100000000)
  region size 1024K, 60 young (61440K), 5 survivors (5120K)
 Metaspace       used 141437K, capacity 146092K, committed 146304K, reserved 1177600K
  class space    used 17408K, capacity 18966K, committed 19072K, reserved 1048576K
}
Event: 4359.119 GC heap after
{Heap after GC invocations=215 (full 0):
 garbage-first heap   total 225280K, used 133744K [0x0000000080000000, 0x0000000100000000)
  region size 1024K, 4 young (4096K), 4 survivors (4096K)
 Metaspace       used 141437K, capacity 146092K, committed 146304K, reserved 1177600K
  class space    used 17408K, capacity 18966K, committed 19072K, reserved 1048576K
}
Event: 4359.232 GC heap before
{Heap before GC invocations=215 (full 0):
 garbage-first heap   total 225280K, used 191088K [0x0000000080000000, 0x0000000100000000)
  region size 1024K, 60 young (61440K), 4 survivors (4096K)
 Metaspace       used 141437K, capacity 146092K, committed 146304K, reserved 1177600K
  class space    used 17408K, capacity 18966K, committed 19072K, reserved 1048576K
}
Event: 4359.235 GC heap after
{Heap after GC invocations=216 (full 0):
 garbage-first heap   total 225280K, used 135197K [0x0000000080000000, 0x0000000100000000)
  region size 1024K, 6 young (6144K), 6 survivors (6144K)
 Metaspace       used 141437K, capacity 146092K, committed 146304K, reserved 1177600K
  class space    used 17408K, capacity 18966K, committed 19072K, reserved 1048576K
}
Event: 4359.375 GC heap before
{Heap before GC invocations=217 (full 0):
 garbage-first heap   total 225280K, used 190493K [0x0000000080000000, 0x0000000100000000)
  region size 1024K, 60 young (61440K), 6 survivors (6144K)
 Metaspace       used 141437K, capacity 146092K, committed 146304K, reserved 1177600K
  class space    used 17408K, capacity 18966K, committed 19072K, reserved 1048576K
}
Event: 4359.378 GC heap after
{Heap after GC invocations=218 (full 0):
 garbage-first heap   total 225280K, used 134988K [0x0000000080000000, 0x0000000100000000)
  region size 1024K, 5 young (5120K), 5 survivors (5120K)
 Metaspace       used 141437K, capacity 146092K, committed 146304K, reserved 1177600K
  class space    used 17408K, capacity 18966K, committed 19072K, reserved 1048576K
}
Event: 4359.392 GC heap before
{Heap before GC invocations=218 (full 0):
 garbage-first heap   total 225280K, used 140108K [0x0000000080000000, 0x0000000100000000)
  region size 1024K, 11 young (11264K), 5 survivors (5120K)
 Metaspace       used 141437K, capacity 146092K, committed 146304K, reserved 1177600K
  class space    used 17408K, capacity 18966K, committed 19072K, reserved 1048576K
}
Event: 4359.444 GC heap after
{Heap after GC invocations=219 (full 0):
 garbage-first heap   total 270336K, used 130040K [0x0000000080000000, 0x0000000100000000)
  region size 1024K, 1 young (1024K), 1 survivors (1024K)
 Metaspace       used 141437K, capacity 146092K, committed 146304K, reserved 1177600K
  class space    used 17408K, capacity 18966K, committed 19072K, reserved 1048576K
}
Event: 4359.696 GC heap before
{Heap before GC invocations=219 (full 0):
 garbage-first heap   total 270336K, used 223224K [0x0000000080000000, 0x0000000100000000)
  region size 1024K, 93 young (95232K), 1 survivors (1024K)
 Metaspace       used 141441K, capacity 146092K, committed 146304K, reserved 1177600K
  class space    used 17408K, capacity 18966K, committed 19072K, reserved 1048576K
}
Event: 4359.711 GC heap after
{Heap after GC invocations=220 (full 0):
 garbage-first heap   total 270336K, used 137097K [0x0000000080000000, 0x0000000100000000)
  region size 1024K, 8 young (8192K), 8 survivors (8192K)
 Metaspace       used 141441K, capacity 146092K, committed 146304K, reserved 1177600K
  class space    used 17408K, capacity 18966K, committed 19072K, reserved 1048576K
}
Event: 4359.919 GC heap before
{Heap before GC invocations=221 (full 0):
 garbage-first heap   total 270336K, used 222089K [0x0000000080000000, 0x0000000100000000)
  region size 1024K, 92 young (94208K), 8 survivors (8192K)
 Metaspace       used 141442K, capacity 146092K, committed 146304K, reserved 1177600K
  class space    used 17408K, capacity 18966K, committed 19072K, reserved 1048576K
}
Event: 4359.953 GC heap after
{Heap after GC invocations=222 (full 0):
 garbage-first heap   total 270336K, used 136871K [0x0000000080000000, 0x0000000100000000)
  region size 1024K, 7 young (7168K), 7 survivors (7168K)
 Metaspace       used 141442K, capacity 146092K, committed 146304K, reserved 1177600K
  class space    used 17408K, capacity 18966K, committed 19072K, reserved 1048576K
}
Event: 4360.439 GC heap before
{Heap before GC invocations=222 (full 0):
 garbage-first heap   total 270336K, used 223911K [0x0000000080000000, 0x0000000100000000)
  region size 1024K, 92 young (94208K), 7 survivors (7168K)
 Metaspace       used 141442K, capacity 146092K, committed 146304K, reserved 1177600K
  class space    used 17408K, capacity 18966K, committed 19072K, reserved 1048576K
}
Event: 4360.573 GC heap after
{Heap after GC invocations=223 (full 0):
 garbage-first heap   total 270336K, used 137805K [0x0000000080000000, 0x0000000100000000)
  region size 1024K, 8 young (8192K), 8 survivors (8192K)
 Metaspace       used 141442K, capacity 146092K, committed 146304K, reserved 1177600K
  class space    used 17408K, capacity 18966K, committed 19072K, reserved 1048576K
}
Event: 4360.869 GC heap before
{Heap before GC invocations=224 (full 0):
 garbage-first heap   total 270336K, used 223821K [0x0000000080000000, 0x0000000100000000)
  region size 1024K, 92 young (94208K), 8 survivors (8192K)
 Metaspace       used 141442K, capacity 146092K, committed 146304K, reserved 1177600K
  class space    used 17408K, capacity 18966K, committed 19072K, reserved 1048576K
}

